[debug] [2022-11-30T09:01:56.257Z] ----------------------------------------------------------------------
[debug] [2022-11-30T09:01:56.260Z] Command:       C:\Program Files\nodejs\node.exe C:\Users\benja\AppData\Roaming\npm\node_modules\firebase-tools\lib\bin\firebase.js projects:list
[debug] [2022-11-30T09:01:56.261Z] CLI Version:   11.16.1
[debug] [2022-11-30T09:01:56.261Z] Platform:      win32
[debug] [2022-11-30T09:01:56.262Z] Node Version:  v18.12.1
[debug] [2022-11-30T09:01:56.263Z] Time:          Wed Nov 30 2022 17:01:56 GMT+0800 (Singapore Standard Time)
[debug] [2022-11-30T09:01:56.263Z] ----------------------------------------------------------------------
[debug] 
[debug] [2022-11-30T09:01:56.278Z] > command requires scopes: ["email","openid","https://www.googleapis.com/auth/cloudplatformprojects.readonly","https://www.googleapis.com/auth/firebase","https://www.googleapis.com/auth/cloud-platform"]
[debug] [2022-11-30T09:01:56.279Z] > authorizing via signed-in user (toh.benjamin123@gmail.com)
[debug] [2022-11-30T09:01:56.291Z] >>> [apiv2][query] GET https://firebase.googleapis.com/v1beta1/projects pageSize=1000
[debug] [2022-11-30T09:01:56.712Z] <<< [apiv2][status] GET https://firebase.googleapis.com/v1beta1/projects 401
[debug] [2022-11-30T09:01:56.713Z] <<< [apiv2][body] GET https://firebase.googleapis.com/v1beta1/projects [omitted]
[debug] [2022-11-30T09:01:56.716Z] HTTP Error: 401, Request had invalid authentication credentials. Expected OAuth 2 access token, login cookie or other valid authentication credential. See https://developers.google.com/identity/sign-in/web/devconsole-project.
[debug] [2022-11-30T09:01:56.783Z] FirebaseError: HTTP Error: 401, Request had invalid authentication credentials. Expected OAuth 2 access token, login cookie or other valid authentication credential. See https://developers.google.com/identity/sign-in/web/devconsole-project.
    at responseToError (C:\Users\benja\AppData\Roaming\npm\node_modules\firebase-tools\lib\responseToError.js:49:12)
    at RetryOperation._fn (C:\Users\benja\AppData\Roaming\npm\node_modules\firebase-tools\lib\apiv2.js:288:77)
    at process.processTicksAndRejections (node:internal/process/task_queues:95:5)
[error] 
[error] Error: Failed to list Firebase projects. See firebase-debug.log for more info.
[debug] [2022-12-04T15:44:38.299Z] ----------------------------------------------------------------------
[debug] [2022-12-04T15:44:38.302Z] Command:       C:\Program Files\nodejs\node.exe C:\Users\benja\AppData\Roaming\npm\node_modules\firebase-tools\lib\bin\firebase.js init firestore
[debug] [2022-12-04T15:44:38.303Z] CLI Version:   11.16.1
[debug] [2022-12-04T15:44:38.303Z] Platform:      win32
[debug] [2022-12-04T15:44:38.303Z] Node Version:  v18.12.1
[debug] [2022-12-04T15:44:38.304Z] Time:          Sun Dec 04 2022 23:44:38 GMT+0800 (Singapore Standard Time)
[debug] [2022-12-04T15:44:38.305Z] ----------------------------------------------------------------------
[debug] 
[debug] [2022-12-04T15:44:38.312Z] >>> [apiv2][query] GET https://firebase-public.firebaseio.com/cli.json [none]
[debug] [2022-12-04T15:44:38.401Z] > command requires scopes: ["email","openid","https://www.googleapis.com/auth/cloudplatformprojects.readonly","https://www.googleapis.com/auth/firebase","https://www.googleapis.com/auth/cloud-platform"]
[debug] [2022-12-04T15:44:38.402Z] > authorizing via signed-in user (toh.benjamin123@gmail.com)
[info] 
     ######## #### ########  ######## ########     ###     ######  ########
     ##        ##  ##     ## ##       ##     ##  ##   ##  ##       ##
     ######    ##  ########  ######   ########  #########  ######  ######
     ##        ##  ##    ##  ##       ##     ## ##     ##       ## ##
     ##       #### ##     ## ######## ########  ##     ##  ######  ########

You're about to initialize a Firebase project in this directory:

  C:\Users\benja\Documents\builds\thriftr

[debug] [2022-12-04T15:44:38.917Z] <<< [apiv2][status] GET https://firebase-public.firebaseio.com/cli.json 200
[debug] [2022-12-04T15:44:38.918Z] <<< [apiv2][body] GET https://firebase-public.firebaseio.com/cli.json {"cloudBuildErrorAfter":1594252800000,"cloudBuildWarnAfter":1590019200000,"defaultNode10After":1594252800000,"minVersion":"3.0.5","node8DeploysDisabledAfter":1613390400000,"node8RuntimeDisabledAfter":1615809600000,"node8WarnAfter":1600128000000}
[info] 
=== Project Setup
[info] 
[info] First, let's associate this project directory with a Firebase project.
[info] You can create multiple project aliases by running firebase use --add, 
[info] but for now we'll just set up a default project.
[info] 
[debug] [2022-12-04T15:45:16.597Z] > refreshing access token with scopes: []
[debug] [2022-12-04T15:45:16.601Z] >>> [apiv2][query] POST https://www.googleapis.com/oauth2/v3/token [none]
[debug] [2022-12-04T15:45:16.601Z] >>> [apiv2][body] POST https://www.googleapis.com/oauth2/v3/token [omitted]
[debug] [2022-12-04T15:45:16.713Z] <<< [apiv2][status] POST https://www.googleapis.com/oauth2/v3/token 400
[debug] [2022-12-04T15:45:16.713Z] <<< [apiv2][body] POST https://www.googleapis.com/oauth2/v3/token [omitted]
[debug] [2022-12-04T15:45:16.715Z] >>> [apiv2][query] GET https://firebase.googleapis.com/v1beta1/projects pageSize=100
[debug] [2022-12-04T15:45:16.865Z] <<< [apiv2][status] GET https://firebase.googleapis.com/v1beta1/projects 401
[debug] [2022-12-04T15:45:16.865Z] <<< [apiv2][body] GET https://firebase.googleapis.com/v1beta1/projects [omitted]
[debug] [2022-12-04T15:45:16.866Z] HTTP Error: 401, Request had invalid authentication credentials. Expected OAuth 2 access token, login cookie or other valid authentication credential. See https://developers.google.com/identity/sign-in/web/devconsole-project.
[debug] [2022-12-04T15:45:16.925Z] FirebaseError: HTTP Error: 401, Request had invalid authentication credentials. Expected OAuth 2 access token, login cookie or other valid authentication credential. See https://developers.google.com/identity/sign-in/web/devconsole-project.
    at responseToError (C:\Users\benja\AppData\Roaming\npm\node_modules\firebase-tools\lib\responseToError.js:49:12)
    at RetryOperation._fn (C:\Users\benja\AppData\Roaming\npm\node_modules\firebase-tools\lib\apiv2.js:288:77)
    at process.processTicksAndRejections (node:internal/process/task_queues:95:5)
[error] 
[error] Error: Failed to list Firebase projects. See firebase-debug.log for more info.
